26/09/2017 13:50:38 devpinoyLogger .....Loading Properies files........
26/09/2017 13:50:38 devpinoyLogger Properties files loaded successfully
26/09/2017 13:50:38 devpinoyLogger Loading XLS Files
26/09/2017 13:50:39 devpinoyLogger Xls file are loaded successfully
26/09/2017 13:50:39 devpinoyLogger Executing TestCase_1
26/09/2017 13:50:39 devpinoyLogger DummyData A1_1....DummyData A1_2.....DummyData A1_3....DummyData A1_4. ....
26/09/2017 13:50:39 devpinoyLogger Executing TestCase_1
26/09/2017 13:50:39 devpinoyLogger DummyData A1_5....DummyData A1_6.....DummyData A1_7....DummyData A1_8. ....
26/09/2017 13:50:39 devpinoyLogger Executing TestCase_1
26/09/2017 13:50:39 devpinoyLogger DummyData A1_9....DummyData A1_10.....DummyData A1_11....DummyData A1_12. ....
26/09/2017 13:50:39 devpinoyLogger Executing Test case testcaseA2
26/09/2017 13:50:39 devpinoyLogger DummyData A2_1....DummyData A2_2.....DummyData A2_3....DummyData A2_4. ....
26/09/2017 13:50:39 devpinoyLogger Executing Test case testcaseB1
26/09/2017 13:50:39 devpinoyLogger DummyData B1_1....DummyData B1_2.....DummyData B1_3....DummyDataB1_4. ....
26/09/2017 13:50:39 devpinoyLogger Executing Test case testcaseB1
26/09/2017 13:50:39 devpinoyLogger DummyData B1_5....DummyDataB1_6.....DummyDataB1_7....DummyData B1_8. ....
26/09/2017 13:50:39 devpinoyLogger Executing Test case testcaseB1
26/09/2017 13:50:39 devpinoyLogger DummyData B1_9....DummyData B1_10.....DummyDatB1_11....DummyData B1_12. ....
26/09/2017 13:50:39 devpinoyLogger Skipping this test because RunMode in excel is Set to NO
26/09/2017 13:50:39 devpinoyLogger Executing Test case testcaseB2
26/09/2017 13:50:39 devpinoyLogger DummyDataC1_1....DummyData C1_2.....DummyData C1_3....DummyDataC1_4. ....
26/09/2017 13:50:39 devpinoyLogger Executing Test case testcaseB2
26/09/2017 13:50:39 devpinoyLogger DummyDataC1_5....DummyDataC1_6.....DummyDataC1_7....DummyData C1_8. ....
26/09/2017 13:50:39 devpinoyLogger Executing Test case testcaseB2
26/09/2017 13:50:39 devpinoyLogger DummyData C1_9....DummyData C1_10.....DummyDatC1_11....DummyData C1_12. ....
26/09/2017 13:50:39 devpinoyLogger Skipping this testTestCase_C2 because RunMode in excel is Set to NO
